[35m[Appium][39m Welcome to Appium v1.22.3
[35m[Appium][39m Non-default server args:
[35m[Appium][39m   port: 49974
[35m[Appium][39m   loglevel: info
[35m[Appium][39m   tmpDir: C:\Users\rvl12\AppData\Local\Temp\\Katalon\Appium\Temp1656862399434
[35m[Appium][39m   chromedriverPort: 49975
[35m[Appium][39m Deprecated server args:
[35m[Appium][39m   [31m--chromedriver-port[39m => --default-capabilities
[35m[Appium][39m Default capabilities, which will be added to each request unless overridden by desired capabilities:
[35m[Appium][39m   chromedriverPort: 49975
[35m[Appium][39m Appium REST http interface listener started on 0.0.0.0:49974
[35m[HTTP][39m [37m-->[39m [37mGET[39m [37m/wd/hub/status[39m
[35m[HTTP][39m [90m{}[39m
[35m[HTTP][39m [37m<-- GET /wd/hub/status [39m[32m200[39m [90m21 ms - 68[39m
[35m[HTTP][39m [90m[39m
[35m[HTTP][39m [37m-->[39m [37mGET[39m [37m/wd/hub/status[39m
[35m[HTTP][39m [90m{}[39m
[35m[HTTP][39m [37m<-- GET /wd/hub/status [39m[32m200[39m [90m3 ms - 68[39m
[35m[HTTP][39m [90m[39m
[35m[HTTP][39m [37m-->[39m [37mPOST[39m [37m/wd/hub/session[39m
[35m[HTTP][39m [90m{"desiredCapabilities":{"appActivity":".Settings","appPackage":"com.android.settings","newCommandTimeout":1800,"platformVersion":"8.1.0","automationName":"uiautomator2","autoGrantPermissions":true,"platformName":"Android","udid":"3300d1ad23b8250b","deviceName":"samsung SM-G610F (Android 8.1.0)","platform":"ANDROID","systemPort":8280},"capabilities":{"firstMatch":[{"appium:appActivity":".Settings","appium:appPackage":"com.android.settings","appium:autoGrantPermissions":true,"appium:automationName":"uiautomator2","appium:deviceName":"samsung SM-G610F (Android 8.1.0)","appium:newCommandTimeout":1800,"platform":"ANDROID","platformName":"android","appium:platformVersion":"8.1.0","appium:systemPort":8280,"appium:udid":"3300d1ad23b8250b"}]}}[39m
[35m[BaseDriver][39m The following capabilities are not standard capabilities and should have an extension prefix:
[35m[BaseDriver][39m   platform
[35m[BaseDriver][39m   chromedriverPort
[35m[Appium][39m Appium v1.22.3 creating new AndroidUiautomator2Driver (v1.70.1) session
[35m[BaseDriver][39m The following capabilities were provided, but are not recognized by Appium:
[35m[BaseDriver][39m   platform
[35m[BaseDriver][39m Session created with session id: 9bda9ff7-d78d-405c-baec-8984ecb785dc
[35m[UiAutomator2][39m Starting 'com.android.settings' directly on the device
[35m[ADB][39m Found 1 'build-tools' folders under 'C:\Users\rvl12\.katalon\tools\android_sdk' (newest first):
[35m[ADB][39m     C:/Users/rvl12/.katalon/tools/android_sdk/build-tools/29.0.3
[35m[ADB][39m Using 'adb.exe' from 'C:\Users\rvl12\.katalon\tools\android_sdk\platform-tools\adb.exe'
[35m[AndroidDriver][39m Retrieving device list
[35m[AndroidDriver][39m Using device: 3300d1ad23b8250b
[35m[ADB][39m Using 'adb.exe' from 'C:\Users\rvl12\.katalon\tools\android_sdk\platform-tools\adb.exe'
[35m[AndroidDriver][39m No app sent in, not parsing package/activity
[35m[ADB][39m Using 'apksigner.jar' from 'C:\Users\rvl12\.katalon\tools\android_sdk\build-tools\29.0.3\lib\apksigner.jar'
[35m[ADB][39m 'C:\Users\rvl12\AppData\Roaming\npm\node_modules\appium\node_modules\appium-uiautomator2-server\apks\appium-uiautomator2-server-v4.27.0.apk' is signed with the default certificate
[35m[ADB][39m 'C:\Users\rvl12\AppData\Roaming\npm\node_modules\appium\node_modules\appium-uiautomator2-server\apks\appium-uiautomator2-server-debug-androidTest.apk' is signed with the default certificate
[35m[UiAutomator2][39m Server packages are not going to be (re)installed
[35m[ADB][39m Adding packages ["io.appium.settings","io.appium.uiautomator2.server","io.appium.uiautomator2.server.test"] to Doze whitelist
[35m[UiAutomator2][39m Starting UIAutomator2 server 4.27.0
[35m[UiAutomator2][39m Using UIAutomator2 server from 'C:\Users\rvl12\AppData\Roaming\npm\node_modules\appium\node_modules\appium-uiautomator2-server\apks\appium-uiautomator2-server-v4.27.0.apk' and test from 'C:\Users\rvl12\AppData\Roaming\npm\node_modules\appium\node_modules\appium-uiautomator2-server\apks\appium-uiautomator2-server-debug-androidTest.apk'
[35m[UiAutomator2][39m Waiting up to 30000ms for UiAutomator2 to be online...
[35m[WD Proxy][39m socket hang up
[35m[WD Proxy][39m socket hang up
[35m[WD Proxy][39m socket hang up
[35m[WD Proxy][39m socket hang up
[35m[WD Proxy][39m socket hang up
[35m[WD Proxy][39m Determined the downstream protocol as 'W3C'
[35m[AndroidDriver][39m Screen already unlocked, doing nothing
[35m[UiAutomator2][39m Starting 'com.android.settings/.Settings and waiting for 'com.android.settings/.Settings'
[35m[Appium][39m New AndroidUiautomator2Driver session created successfully, session 9bda9ff7-d78d-405c-baec-8984ecb785dc added to master session list
[35m[HTTP][39m [37m<-- POST /wd/hub/session [39m[32m200[39m [90m26786 ms - 1183[39m
[35m[HTTP][39m [90m[39m
[35m[HTTP][39m [37m-->[39m [37mGET[39m [37m/wd/hub/session/9bda9ff7-d78d-405c-baec-8984ecb785dc[39m
[35m[HTTP][39m [90m{}[39m
[35m[HTTP][39m [37m<-- GET /wd/hub/session/9bda9ff7-d78d-405c-baec-8984ecb785dc [39m[32m200[39m [90m35 ms - 1137[39m
[35m[HTTP][39m [90m[39m
[35m[HTTP][39m [37m-->[39m [37mGET[39m [37m/wd/hub/session/9bda9ff7-d78d-405c-baec-8984ecb785dc[39m
[35m[HTTP][39m [90m{}[39m
[35m[HTTP][39m [37m<-- GET /wd/hub/session/9bda9ff7-d78d-405c-baec-8984ecb785dc [39m[32m200[39m [90m32 ms - 1137[39m
[35m[HTTP][39m [90m[39m
[35m[HTTP][39m [37m-->[39m [37mGET[39m [37m/wd/hub/status[39m
[35m[HTTP][39m [90m{}[39m
[35m[HTTP][39m [37m<-- GET /wd/hub/status [39m[32m200[39m [90m2 ms - 68[39m
[35m[HTTP][39m [90m[39m
[35m[HTTP][39m [37m-->[39m [37mPOST[39m [37m/wd/hub/session/9bda9ff7-d78d-405c-baec-8984ecb785dc/timeouts[39m
[35m[HTTP][39m [90m{"implicit":60000}[39m
[35m[HTTP][39m [37m<-- POST /wd/hub/session/9bda9ff7-d78d-405c-baec-8984ecb785dc/timeouts [39m[32m200[39m [90m16 ms - 14[39m
[35m[HTTP][39m [90m[39m
[35m[HTTP][39m [37m-->[39m [37mGET[39m [37m/wd/hub/session/9bda9ff7-d78d-405c-baec-8984ecb785dc/screenshot[39m
[35m[HTTP][39m [90m{}[39m
[35m[HTTP][39m [37m<-- GET /wd/hub/session/9bda9ff7-d78d-405c-baec-8984ecb785dc/screenshot [39m[32m200[39m [90m1056 ms - 225096[39m
[35m[HTTP][39m [90m[39m
[35m[HTTP][39m [37m-->[39m [37mGET[39m [37m/wd/hub/session/9bda9ff7-d78d-405c-baec-8984ecb785dc/window/rect[39m
[35m[HTTP][39m [90m{}[39m
[35m[HTTP][39m [37m<-- GET /wd/hub/session/9bda9ff7-d78d-405c-baec-8984ecb785dc/window/rect [39m[32m200[39m [90m87 ms - 50[39m
[35m[HTTP][39m [90m[39m
[35m[HTTP][39m [37m-->[39m [37mGET[39m [37m/wd/hub/session/9bda9ff7-d78d-405c-baec-8984ecb785dc/appium/device/system_bars[39m
[35m[HTTP][39m [90m{}[39m
[35m[HTTP][39m [37m<-- GET /wd/hub/session/9bda9ff7-d78d-405c-baec-8984ecb785dc/appium/device/system_bars [39m[31m500[39m [90m316 ms - 647[39m
[35m[HTTP][39m [90m[39m
[35m[HTTP][39m [37m-->[39m [37mPOST[39m [37m/wd/hub/session/9bda9ff7-d78d-405c-baec-8984ecb785dc/execute/sync[39m
[35m[HTTP][39m [90m{"script":"mobile:viewportRect","args":[]}[39m
[35m[AndroidDriver][39m Executing native command 'mobile:viewportRect'
[35m[HTTP][39m [37m<-- POST /wd/hub/session/9bda9ff7-d78d-405c-baec-8984ecb785dc/execute/sync [39m[32m200[39m [90m67 ms - 56[39m
[35m[HTTP][39m [90m[39m
[35m[HTTP][39m [37m-->[39m [37mPOST[39m [37m/wd/hub/session/9bda9ff7-d78d-405c-baec-8984ecb785dc/appium/device/activate_app[39m
[35m[HTTP][39m [90m{"bundleId":"com.loginmodule.learning"}[39m
[35m[HTTP][39m [37m<-- POST /wd/hub/session/9bda9ff7-d78d-405c-baec-8984ecb785dc/appium/device/activate_app [39m[32m200[39m [90m1146 ms - 14[39m
[35m[HTTP][39m [90m[39m
[35m[HTTP][39m [37m-->[39m [37mGET[39m [37m/wd/hub/session/9bda9ff7-d78d-405c-baec-8984ecb785dc/source[39m
[35m[HTTP][39m [90m{}[39m
[35m[W3C (9bda9ff7)][39m Driver proxy active, passing request on via HTTP proxy
[35m[WD Proxy][39m Replacing sessionId f601c3d7-fc5b-4a56-bfd6-fb0bb9a39dcb with 9bda9ff7-d78d-405c-baec-8984ecb785dc
[35m[HTTP][39m [37m<-- GET /wd/hub/session/9bda9ff7-d78d-405c-baec-8984ecb785dc/source [39m[32m200[39m [90m1426 ms - 6970[39m
[35m[HTTP][39m [90m[39m
[35m[HTTP][39m [37m-->[39m [37mGET[39m [37m/wd/hub/session/9bda9ff7-d78d-405c-baec-8984ecb785dc/screenshot[39m
[35m[HTTP][39m [90m{}[39m
[35m[HTTP][39m [37m<-- GET /wd/hub/session/9bda9ff7-d78d-405c-baec-8984ecb785dc/screenshot [39m[32m200[39m [90m1006 ms - 181006[39m
[35m[HTTP][39m [90m[39m
[35m[HTTP][39m [37m-->[39m [37mGET[39m [37m/wd/hub/session/9bda9ff7-d78d-405c-baec-8984ecb785dc/source[39m
[35m[HTTP][39m [90m{}[39m
[35m[W3C (9bda9ff7)][39m Driver proxy active, passing request on via HTTP proxy
[35m[WD Proxy][39m Replacing sessionId f601c3d7-fc5b-4a56-bfd6-fb0bb9a39dcb with 9bda9ff7-d78d-405c-baec-8984ecb785dc
[35m[HTTP][39m [37m<-- GET /wd/hub/session/9bda9ff7-d78d-405c-baec-8984ecb785dc/source [39m[32m200[39m [90m347 ms - 7930[39m
[35m[HTTP][39m [90m[39m
[35m[HTTP][39m [37m-->[39m [37mGET[39m [37m/wd/hub/session/9bda9ff7-d78d-405c-baec-8984ecb785dc/screenshot[39m
[35m[HTTP][39m [90m{}[39m
[35m[HTTP][39m [37m<-- GET /wd/hub/session/9bda9ff7-d78d-405c-baec-8984ecb785dc/screenshot [39m[32m200[39m [90m978 ms - 156004[39m
[35m[HTTP][39m [90m[39m
[35m[HTTP][39m [37m-->[39m [37mPOST[39m [37m/wd/hub/session/9bda9ff7-d78d-405c-baec-8984ecb785dc/elements[39m
[35m[HTTP][39m [90m{"using":"xpath","value":"//*[@class = 'android.widget.TextView' and (@text = 'Wrong Email or Password' or . = 'Wrong Email or Password') and @resource-id = 'com.loginmodule.learning:id/snackbar_text']"}[39m
[35m[HTTP][39m [37m<-- POST /wd/hub/session/9bda9ff7-d78d-405c-baec-8984ecb785dc/elements [39m[32m200[39m [90m60136 ms - 12[39m
[35m[HTTP][39m [90m[39m
[35m[HTTP][39m [37m-->[39m [37mPOST[39m [37m/wd/hub/session/9bda9ff7-d78d-405c-baec-8984ecb785dc/elements[39m
[35m[HTTP][39m [90m{"using":"id","value":"com.loginmodule.learning:id/snackbar_text"}[39m
[35m[HTTP][39m [37m<-- POST /wd/hub/session/9bda9ff7-d78d-405c-baec-8984ecb785dc/elements [39m[32m200[39m [90m60077 ms - 12[39m
[35m[HTTP][39m [90m[39m
[35m[HTTP][39m [37m-->[39m [37mPOST[39m [37m/wd/hub/session/9bda9ff7-d78d-405c-baec-8984ecb785dc/elements[39m
[35m[HTTP][39m [90m{"using":"-android uiautomator","value":"new UiSelector().className(\"android.widget.TextView\").text(\"Wrong Email or Password\").resourceId(\"com.loginmodule.learning:id/snackbar_text\")"}[39m
[35m[HTTP][39m [37m<-- POST /wd/hub/session/9bda9ff7-d78d-405c-baec-8984ecb785dc/elements [39m[32m200[39m [90m60056 ms - 12[39m
[35m[HTTP][39m [90m[39m
[35m[BaseDriver][39m Shutting down because we waited 1800 seconds for a command
[35m[Appium][39m Closing session, cause was 'New Command Timeout of 1800 seconds expired. Try customizing the timeout using the 'newCommandTimeout' desired capability'
[35m[Appium][39m Removing session '9bda9ff7-d78d-405c-baec-8984ecb785dc' from our master session list
[35m[UiAutomator2][39m Did not get confirmation UiAutomator2 deleteSession worked; Error was: UnknownError: An unknown server-side error occurred while processing the command. Original error: 'DELETE /' cannot be proxied to UiAutomator2 server because the instrumentation process is not running (probably crashed). Check the server log and/or the logcat output for more details
